<?xml version="1.0" encoding="UTF-8"?>
<!-- Generated by org.testng.reporters.JUnitReportReporter -->
<testsuite skipped="0" hostname="DDC2-D-CGLVXC2" name="main.java.base.BaseTest" tests="1" failures="0" timestamp="2019-10-02T17:11:40 IST" time="8.746" errors="0">
  <testcase name="LoginAsBankManger" time="8.746" classname="main.java.base.BaseTest"/>
</testsuite> <!-- main.java.base.BaseTest -->
