<?xml version="1.0" encoding="UTF-8"?>
<!-- Generated by org.testng.reporters.JUnitReportReporter -->
<testsuite skipped="0" hostname="DDC2-D-CGLVXC2" name="main.java.base.BaseTest" tests="1" failures="0" timestamp="2019-09-22T03:24:18 IST" time="0.900" errors="0">
  <testcase name="LoginAsBankManger" time="0.900" classname="main.java.base.BaseTest"/>
</testsuite> <!-- main.java.base.BaseTest -->
